<?xml version="1.0" encoding="UTF-8"?>
<testng-results ignored="0" total="4" passed="4" failed="0" skipped="0">
  <reporter-output>
  </reporter-output>
  <suite started-at="2020-03-17T16:15:49Z" name="Suite" finished-at="2020-03-17T16:16:50Z" duration-ms="60867">
    <groups>
    </groups>
    <test started-at="2020-03-17T16:15:49Z" name="Test" finished-at="2020-03-17T16:16:50Z" duration-ms="60867">
      <class name="selenium_Demo.practise.Login">
        <test-method is-config="true" signature="beforeTest()[pri:0, instance:selenium_Demo.practise.Login@623a8092]" started-at="2020-03-17T16:15:49Z" name="beforeTest" finished-at="2020-03-17T16:16:05Z" duration-ms="16301" status="PASS">
          <reporter-output>
          </reporter-output>
        </test-method> <!-- beforeTest -->
        <test-method is-config="true" signature="beforeTest()[pri:0, instance:selenium_Demo.practise.RegisLogin@548e6d58]" started-at="2020-03-17T16:16:05Z" name="beforeTest" finished-at="2020-03-17T16:16:21Z" duration-ms="15432" status="PASS">
          <reporter-output>
          </reporter-output>
        </test-method> <!-- beforeTest -->
        <test-method signature="login(java.lang.String, java.lang.String)[pri:0, instance:selenium_Demo.practise.Login@623a8092]" started-at="2020-03-17T16:16:30Z" name="login" data-provider="credentials" finished-at="2020-03-17T16:16:37Z" duration-ms="7116" status="PASS">
          <params>
            <param index="0">
              <value>
                <![CDATA[some@gmail.com]]>
              </value>
            </param>
            <param index="1">
              <value>
                <![CDATA[testing123]]>
              </value>
            </param>
          </params>
          <reporter-output>
          </reporter-output>
        </test-method> <!-- login -->
        <test-method signature="login(java.lang.String, java.lang.String)[pri:0, instance:selenium_Demo.practise.Login@623a8092]" started-at="2020-03-17T16:16:37Z" name="login" data-provider="credentials" finished-at="2020-03-17T16:16:44Z" duration-ms="6940" status="PASS">
          <params>
            <param index="0">
              <value>
                <![CDATA[abctyu@gmail.com]]>
              </value>
            </param>
            <param index="1">
              <value>
                <![CDATA[testing123]]>
              </value>
            </param>
          </params>
          <reporter-output>
          </reporter-output>
        </test-method> <!-- login -->
        <test-method signature="login(java.lang.String, java.lang.String)[pri:0, instance:selenium_Demo.practise.Login@623a8092]" started-at="2020-03-17T16:16:44Z" name="login" data-provider="credentials" finished-at="2020-03-17T16:16:49Z" duration-ms="5077" status="PASS">
          <params>
            <param index="0">
              <value>
                <![CDATA[oiuygt@gmail.com]]>
              </value>
            </param>
            <param index="1">
              <value>
                <![CDATA[testing123]]>
              </value>
            </param>
          </params>
          <reporter-output>
          </reporter-output>
        </test-method> <!-- login -->
        <test-method is-config="true" signature="afterTest()[pri:0, instance:selenium_Demo.practise.Login@623a8092]" started-at="2020-03-17T16:16:49Z" name="afterTest" finished-at="2020-03-17T16:16:50Z" duration-ms="684" status="PASS">
          <reporter-output>
          </reporter-output>
        </test-method> <!-- afterTest -->
        <test-method is-config="true" signature="afterTest()[pri:0, instance:selenium_Demo.practise.RegisLogin@548e6d58]" started-at="2020-03-17T16:16:50Z" name="afterTest" finished-at="2020-03-17T16:16:50Z" duration-ms="119" status="PASS">
          <reporter-output>
          </reporter-output>
        </test-method> <!-- afterTest -->
      </class> <!-- selenium_Demo.practise.Login -->
      <class name="selenium_Demo.practise.RegisLogin">
        <test-method signature="registration()[pri:0, instance:selenium_Demo.practise.RegisLogin@548e6d58]" started-at="2020-03-17T16:16:21Z" name="registration" finished-at="2020-03-17T16:16:30Z" duration-ms="9164" status="PASS">
          <reporter-output>
          </reporter-output>
        </test-method> <!-- registration -->
      </class> <!-- selenium_Demo.practise.RegisLogin -->
    </test> <!-- Test -->
  </suite> <!-- Suite -->
</testng-results>
