<?xml version="1.0" encoding="UTF-8"?>
<testng-results ignored="0" total="3" passed="3" failed="0" skipped="0">
  <reporter-output>
  </reporter-output>
  <suite started-at="2020-03-17T14:40:43Z" name="Suite" finished-at="2020-03-17T14:41:27Z" duration-ms="43977">
    <groups>
    </groups>
    <test started-at="2020-03-17T14:40:43Z" name="Test" finished-at="2020-03-17T14:41:27Z" duration-ms="43977">
      <class name="selenium_Demo.practise.Login">
        <test-method is-config="true" signature="beforeTest()[pri:0, instance:selenium_Demo.practise.Login@623a8092]" started-at="2020-03-17T14:40:43Z" name="beforeTest" finished-at="2020-03-17T14:40:57Z" duration-ms="13932" status="PASS">
          <reporter-output>
          </reporter-output>
        </test-method> <!-- beforeTest -->
        <test-method is-config="true" signature="beforeTest()[pri:0, instance:selenium_Demo.practise.RegisLogin@548e6d58]" started-at="2020-03-17T14:40:57Z" name="beforeTest" finished-at="2020-03-17T14:41:09Z" duration-ms="12150" status="PASS">
          <reporter-output>
          </reporter-output>
        </test-method> <!-- beforeTest -->
        <test-method signature="login(java.lang.String, java.lang.String)[pri:0, instance:selenium_Demo.practise.Login@623a8092]" started-at="2020-03-17T14:41:17Z" name="login" data-provider="credentials" finished-at="2020-03-17T14:41:22Z" duration-ms="4849" status="PASS">
          <params>
            <param index="0">
              <value>
                <![CDATA[some@gmail.com]]>
              </value>
            </param>
            <param index="1">
              <value>
                <![CDATA[testing123]]>
              </value>
            </param>
          </params>
          <reporter-output>
          </reporter-output>
        </test-method> <!-- login -->
        <test-method signature="login(java.lang.String, java.lang.String)[pri:0, instance:selenium_Demo.practise.Login@623a8092]" started-at="2020-03-17T14:41:22Z" name="login" data-provider="credentials" finished-at="2020-03-17T14:41:26Z" duration-ms="4457" status="PASS">
          <params>
            <param index="0">
              <value>
                <![CDATA[abctyu@gmail.com]]>
              </value>
            </param>
            <param index="1">
              <value>
                <![CDATA[testing123]]>
              </value>
            </param>
          </params>
          <reporter-output>
          </reporter-output>
        </test-method> <!-- login -->
        <test-method is-config="true" signature="afterTest()[pri:0, instance:selenium_Demo.practise.Login@623a8092]" started-at="2020-03-17T14:41:26Z" name="afterTest" finished-at="2020-03-17T14:41:27Z" duration-ms="680" status="PASS">
          <reporter-output>
          </reporter-output>
        </test-method> <!-- afterTest -->
        <test-method is-config="true" signature="afterTest()[pri:0, instance:selenium_Demo.practise.RegisLogin@548e6d58]" started-at="2020-03-17T14:41:27Z" name="afterTest" finished-at="2020-03-17T14:41:27Z" duration-ms="105" status="PASS">
          <reporter-output>
          </reporter-output>
        </test-method> <!-- afterTest -->
      </class> <!-- selenium_Demo.practise.Login -->
      <class name="selenium_Demo.practise.RegisLogin">
        <test-method signature="registration()[pri:0, instance:selenium_Demo.practise.RegisLogin@548e6d58]" started-at="2020-03-17T14:41:09Z" name="registration" finished-at="2020-03-17T14:41:17Z" duration-ms="7766" status="PASS">
          <reporter-output>
          </reporter-output>
        </test-method> <!-- registration -->
      </class> <!-- selenium_Demo.practise.RegisLogin -->
    </test> <!-- Test -->
  </suite> <!-- Suite -->
</testng-results>
