<?xml version="1.0" encoding="UTF-8"?>
<!-- Generated by org.testng.reporters.JUnitXMLReporter -->
<testsuite ignored="0" hostname="GokulRaj" failures="0" tests="3" name="Test" time="43.977" errors="0" timestamp="17 Mar 2020 14:41:27 GMT">
  <testcase classname="selenium_Demo.practise.RegisLogin" name="registration" time="7.766"/>
  <testcase classname="selenium_Demo.practise.Login" name="login" time="4.849"/>
  <testcase classname="selenium_Demo.practise.Login" name="login" time="4.457"/>
</testsuite> <!-- Test -->
